[INFO] 01:22:57:306 clientLog/(4957:4957): Soy un Log
[INFO] 01:25:17:194 Client-Logger/(5154:5154): Soy un Log
[INFO] 01:41:35:073 Client-Logger/(5704:5704): Soy un Log
[INFO] 01:42:45:542 Client-Logger/(5873:5873): Soy un Log
[INFO] 02:40:21:495 Client-Logger/(6381:6381): Soy un Log
[INFO] 02:49:48:216 Client-Logger/(6575:6575): Soy un Log
[INFO] 02:53:23:507 Client-Logger/(6728:6728): Soy un Log
[INFO] 14:54:17:716 Client-Logger/(35413:35413): Soy un Log
[INFO] 14:54:17:736 Client-Logger/(35413:35413): Valor
[INFO] 15:02:17:108 Client-Logger/(35603:35603): Soy un Log
[INFO] 15:02:17:108 Client-Logger/(35603:35603): Valor
[INFO] 15:22:17:428 Client-Logger/(35922:35922): Soy un Log
[INFO] 15:22:17:428 Client-Logger/(35922:35922): Valor
[INFO] 15:23:28:742 Client-Logger/(36088:36088): Soy un Log
[INFO] 15:23:28:742 Client-Logger/(36088:36088): Valor
[INFO] 15:36:48:993 Client-Logger/(36366:36366): Soy un Log
[INFO] 15:36:48:994 Client-Logger/(36366:36366): Valor
[INFO] 15:37:14:148 Client-Logger/(36494:36494): Soy un Log
[INFO] 15:37:14:149 Client-Logger/(36494:36494): Valor
[INFO] 15:38:34:080 Client-Logger/(36757:36757): Soy un Log
[INFO] 15:38:34:080 Client-Logger/(36757:36757): Valor
[INFO] 15:39:16:433 Client-Logger/(36913:36913): Soy un Log
[INFO] 15:39:16:433 Client-Logger/(36913:36913): Valor
[INFO] 15:40:22:133 Client-Logger/(37113:37113): Soy un Log
[INFO] 15:40:22:133 Client-Logger/(37113:37113): Valor
[INFO] 15:42:18:509 Client-Logger/(37253:37253): Soy un Log
[INFO] 15:42:18:509 Client-Logger/(37253:37253): Valor
[INFO] 15:42:32:208 Client-Logger/(37390:37390): Soy un Log
[INFO] 15:42:32:209 Client-Logger/(37390:37390): Valor
[INFO] 15:45:10:737 Client-Logger/(37585:37585): Soy un Log
[INFO] 15:45:10:738 Client-Logger/(37585:37585): Valor
[INFO] 15:46:07:264 Client-Logger/(37719:37719): Soy un Log
[INFO] 15:46:07:264 Client-Logger/(37719:37719): Valor
[INFO] 15:46:21:148 Client-Logger/(37852:37852): Soy un Log
[INFO] 15:46:21:148 Client-Logger/(37852:37852): Valor
[INFO] 16:02:10:662 Client-Logger/(38115:38115): Soy un Log
[INFO] 16:02:10:663 Client-Logger/(38115:38115): Valor
[INFO] 16:02:38:714 Client-Logger/(38267:38267): Soy un Log
[INFO] 16:02:38:714 Client-Logger/(38267:38267): Valor
[INFO] 16:03:08:931 Client-Logger/(38376:38376): Soy un Log
[INFO] 16:03:08:932 Client-Logger/(38376:38376): Valor
[INFO] 17:02:06:633 Client-Logger/(38799:38799): Soy un Log
[INFO] 17:02:06:634 Client-Logger/(38799:38799): Valor
[INFO] 17:03:17:439 Client-Logger/(38940:38940): Soy un Log
[INFO] 17:03:17:439 Client-Logger/(38940:38940): Valor
[INFO] 17:10:16:903 Client-Logger/(39152:39152): Soy un Log
[INFO] 17:10:16:904 Client-Logger/(39152:39152): Valor
[INFO] 17:10:19:188 Client-Logger/(39152:39152): Hola
[INFO] 17:13:41:359 Client-Logger/(39421:39421): Soy un Log
[INFO] 17:13:41:359 Client-Logger/(39421:39421): Valor
[INFO] 17:13:44:370 Client-Logger/(39421:39421): Hola
[INFO] 17:13:47:478 Client-Logger/(39421:39421): soy
[INFO] 17:13:49:740 Client-Logger/(39421:39421): sebas
[INFO] 17:13:52:345 Client-Logger/(39421:39421): estoy
[INFO] 17:13:55:005 Client-Logger/(39421:39421): codeando
